<?xml version="1.0" encoding="UTF-8"?>
<testng-results skipped="0" failed="3" total="8" passed="5">
  <reporter-output>
  </reporter-output>
  <suite name="Default suite" duration-ms="62289" started-at="2019-05-13T01:18:23Z" finished-at="2019-05-13T01:19:25Z">
    <groups>
    </groups>
    <test name="Default test" duration-ms="62289" started-at="2019-05-13T01:18:23Z" finished-at="2019-05-13T01:19:25Z">
      <class name="testCases.AssignmentTestCases">
        <test-method status="PASS" signature="setup()[pri:0, instance:testCases.AssignmentTestCases@523884b2]" name="setup" is-config="true" duration-ms="21911" started-at="2019-05-12T21:18:23Z" finished-at="2019-05-12T21:18:45Z">
          <reporter-output>
          </reporter-output>
        </test-method> <!-- setup -->
        <test-method status="PASS" signature="LandingPageTitleTest()[pri:0, instance:testCases.AssignmentTestCases@523884b2]" name="LandingPageTitleTest" duration-ms="3533" started-at="2019-05-12T21:18:45Z" finished-at="2019-05-12T21:18:48Z">
          <reporter-output>
          </reporter-output>
        </test-method> <!-- LandingPageTitleTest -->
        <test-method status="PASS" signature="SummerDressesTitleTest()[pri:0, instance:testCases.AssignmentTestCases@523884b2]" name="SummerDressesTitleTest" duration-ms="28" started-at="2019-05-12T21:18:48Z" finished-at="2019-05-12T21:18:48Z">
          <reporter-output>
          </reporter-output>
        </test-method> <!-- SummerDressesTitleTest -->
        <test-method status="PASS" signature="MovetoLnknClickPrntdShiffonTest()[pri:0, instance:testCases.AssignmentTestCases@523884b2]" name="MovetoLnknClickPrntdShiffonTest" duration-ms="1669" started-at="2019-05-12T21:18:48Z" finished-at="2019-05-12T21:18:50Z">
          <reporter-output>
          </reporter-output>
        </test-method> <!-- MovetoLnknClickPrntdShiffonTest -->
        <test-method status="PASS" signature="SelectsizenAddtoCart()[pri:0, instance:testCases.AssignmentTestCases@523884b2]" name="SelectsizenAddtoCart" duration-ms="1002" started-at="2019-05-12T21:18:50Z" finished-at="2019-05-12T21:18:51Z">
          <reporter-output>
          </reporter-output>
        </test-method> <!-- SelectsizenAddtoCart -->
        <test-method status="PASS" signature="ClickContnShopButton()[pri:0, instance:testCases.AssignmentTestCases@523884b2]" name="ClickContnShopButton" duration-ms="1288" started-at="2019-05-12T21:18:51Z" finished-at="2019-05-12T21:18:52Z">
          <reporter-output>
          </reporter-output>
        </test-method> <!-- ClickContnShopButton -->
        <test-method status="FAIL" signature="clickchkoutTest()[pri:0, instance:testCases.AssignmentTestCases@523884b2]" name="clickchkoutTest" duration-ms="30445" started-at="2019-05-12T21:18:52Z" finished-at="2019-05-12T21:19:23Z">
          <exception class="org.openqa.selenium.TimeoutException">
            <message>
              <![CDATA[Expected condition failed: waiting for visibility of [[ChromeDriver: chrome on XP (5b975a952dfdbfd8ce15dfb34d237ccb)] -> xpath: //*[contains(text(),'Check out')]] (tried for 30 second(s) with 500 milliseconds interval)
Build info: version: '3.141.59', revision: 'e82be7d358', time: '2018-11-14T08:17:03'
System info: host: 'TEEBIZ-PC', ip: '192.168.176.1', os.name: 'Windows 7', os.arch: 'amd64', os.version: '6.1', java.version: '1.8.0_171'
Driver info: org.openqa.selenium.chrome.ChromeDriver
Capabilities {acceptInsecureCerts: false, acceptSslCerts: false, applicationCacheEnabled: false, browserConnectionEnabled: false, browserName: chrome, chrome: {chromedriverVersion: 2.41.578737 (49da6702b16031..., userDataDir: C:\Users\TeeBiz\AppData\Loc...}, cssSelectorsEnabled: true, databaseEnabled: false, goog:chromeOptions: {debuggerAddress: localhost:27882}, handlesAlerts: true, hasTouchScreen: false, javascriptEnabled: true, locationContextEnabled: true, mobileEmulationEnabled: false, nativeEvents: true, networkConnectionEnabled: false, pageLoadStrategy: normal, platform: XP, platformName: XP, rotatable: false, setWindowRect: true, takesHeapSnapshot: true, takesScreenshot: true, unexpectedAlertBehaviour: , unhandledPromptBehavior: , version: 74.0.3729.131, webStorageEnabled: true}
Session ID: 5b975a952dfdbfd8ce15dfb34d237ccb]]>
            </message>
            <full-stacktrace>
              <![CDATA[org.openqa.selenium.TimeoutException: Expected condition failed: waiting for visibility of [[ChromeDriver: chrome on XP (5b975a952dfdbfd8ce15dfb34d237ccb)] -> xpath: //*[contains(text(),'Check out')]] (tried for 30 second(s) with 500 milliseconds interval)
Build info: version: '3.141.59', revision: 'e82be7d358', time: '2018-11-14T08:17:03'
System info: host: 'TEEBIZ-PC', ip: '192.168.176.1', os.name: 'Windows 7', os.arch: 'amd64', os.version: '6.1', java.version: '1.8.0_171'
Driver info: org.openqa.selenium.chrome.ChromeDriver
Capabilities {acceptInsecureCerts: false, acceptSslCerts: false, applicationCacheEnabled: false, browserConnectionEnabled: false, browserName: chrome, chrome: {chromedriverVersion: 2.41.578737 (49da6702b16031..., userDataDir: C:\Users\TeeBiz\AppData\Loc...}, cssSelectorsEnabled: true, databaseEnabled: false, goog:chromeOptions: {debuggerAddress: localhost:27882}, handlesAlerts: true, hasTouchScreen: false, javascriptEnabled: true, locationContextEnabled: true, mobileEmulationEnabled: false, nativeEvents: true, networkConnectionEnabled: false, pageLoadStrategy: normal, platform: XP, platformName: XP, rotatable: false, setWindowRect: true, takesHeapSnapshot: true, takesScreenshot: true, unexpectedAlertBehaviour: , unhandledPromptBehavior: , version: 74.0.3729.131, webStorageEnabled: true}
Session ID: 5b975a952dfdbfd8ce15dfb34d237ccb
	at org.openqa.selenium.support.ui.WebDriverWait.timeoutException(WebDriverWait.java:95)
	at org.openqa.selenium.support.ui.FluentWait.until(FluentWait.java:272)
	at page_Lib.SummerDresses.MovetoCartnChkout(SummerDresses.java:54)
	at testCases.AssignmentTestCases.clickchkoutTest(AssignmentTestCases.java:94)
	at sun.reflect.NativeMethodAccessorImpl.invoke0(Native Method)
	at sun.reflect.NativeMethodAccessorImpl.invoke(Unknown Source)
	at sun.reflect.DelegatingMethodAccessorImpl.invoke(Unknown Source)
	at java.lang.reflect.Method.invoke(Unknown Source)
	at org.testng.internal.MethodInvocationHelper.invokeMethod(MethodInvocationHelper.java:80)
	at org.testng.internal.Invoker.invokeMethod(Invoker.java:714)
	at org.testng.internal.Invoker.invokeTestMethod(Invoker.java:901)
	at org.testng.internal.Invoker.invokeTestMethods(Invoker.java:1231)
	at org.testng.internal.TestMethodWorker.invokeTestMethods(TestMethodWorker.java:127)
	at org.testng.internal.TestMethodWorker.run(TestMethodWorker.java:111)
	at org.testng.TestRunner.privateRun(TestRunner.java:767)
	at org.testng.TestRunner.run(TestRunner.java:617)
	at org.testng.SuiteRunner.runTest(SuiteRunner.java:334)
	at org.testng.SuiteRunner.runSequentially(SuiteRunner.java:329)
	at org.testng.SuiteRunner.privateRun(SuiteRunner.java:291)
	at org.testng.SuiteRunner.run(SuiteRunner.java:240)
	at org.testng.SuiteRunnerWorker.runSuite(SuiteRunnerWorker.java:52)
	at org.testng.SuiteRunnerWorker.run(SuiteRunnerWorker.java:86)
	at org.testng.TestNG.runSuitesSequentially(TestNG.java:1198)
	at org.testng.TestNG.runSuitesLocally(TestNG.java:1123)
	at org.testng.TestNG.run(TestNG.java:1031)
	at org.testng.remote.AbstractRemoteTestNG.run(AbstractRemoteTestNG.java:132)
	at org.testng.remote.RemoteTestNG.initAndRun(RemoteTestNG.java:230)
	at org.testng.remote.RemoteTestNG.main(RemoteTestNG.java:76)
]]>
            </full-stacktrace>
          </exception> <!-- org.openqa.selenium.TimeoutException -->
          <reporter-output>
          </reporter-output>
        </test-method> <!-- clickchkoutTest -->
        <test-method status="FAIL" signature="ShopCartSummary()[pri:0, instance:testCases.AssignmentTestCases@523884b2]" name="ShopCartSummary" duration-ms="2" started-at="2019-05-12T21:19:23Z" finished-at="2019-05-12T21:19:23Z">
          <exception class="java.lang.NullPointerException">
            <full-stacktrace>
              <![CDATA[java.lang.NullPointerException
	at testCases.AssignmentTestCases.ShopCartSummary(AssignmentTestCases.java:103)
	at sun.reflect.NativeMethodAccessorImpl.invoke0(Native Method)
	at sun.reflect.NativeMethodAccessorImpl.invoke(Unknown Source)
	at sun.reflect.DelegatingMethodAccessorImpl.invoke(Unknown Source)
	at java.lang.reflect.Method.invoke(Unknown Source)
	at org.testng.internal.MethodInvocationHelper.invokeMethod(MethodInvocationHelper.java:80)
	at org.testng.internal.Invoker.invokeMethod(Invoker.java:714)
	at org.testng.internal.Invoker.invokeTestMethod(Invoker.java:901)
	at org.testng.internal.Invoker.invokeTestMethods(Invoker.java:1231)
	at org.testng.internal.TestMethodWorker.invokeTestMethods(TestMethodWorker.java:127)
	at org.testng.internal.TestMethodWorker.run(TestMethodWorker.java:111)
	at org.testng.TestRunner.privateRun(TestRunner.java:767)
	at org.testng.TestRunner.run(TestRunner.java:617)
	at org.testng.SuiteRunner.runTest(SuiteRunner.java:334)
	at org.testng.SuiteRunner.runSequentially(SuiteRunner.java:329)
	at org.testng.SuiteRunner.privateRun(SuiteRunner.java:291)
	at org.testng.SuiteRunner.run(SuiteRunner.java:240)
	at org.testng.SuiteRunnerWorker.runSuite(SuiteRunnerWorker.java:52)
	at org.testng.SuiteRunnerWorker.run(SuiteRunnerWorker.java:86)
	at org.testng.TestNG.runSuitesSequentially(TestNG.java:1198)
	at org.testng.TestNG.runSuitesLocally(TestNG.java:1123)
	at org.testng.TestNG.run(TestNG.java:1031)
	at org.testng.remote.AbstractRemoteTestNG.run(AbstractRemoteTestNG.java:132)
	at org.testng.remote.RemoteTestNG.initAndRun(RemoteTestNG.java:230)
	at org.testng.remote.RemoteTestNG.main(RemoteTestNG.java:76)
]]>
            </full-stacktrace>
          </exception> <!-- java.lang.NullPointerException -->
          <reporter-output>
          </reporter-output>
        </test-method> <!-- ShopCartSummary -->
        <test-method status="FAIL" signature="Add_Proceed()[pri:0, instance:testCases.AssignmentTestCases@523884b2]" name="Add_Proceed" duration-ms="2" started-at="2019-05-12T21:19:23Z" finished-at="2019-05-12T21:19:23Z">
          <exception class="java.lang.NullPointerException">
            <full-stacktrace>
              <![CDATA[java.lang.NullPointerException
	at testCases.AssignmentTestCases.Add_Proceed(AssignmentTestCases.java:124)
	at sun.reflect.NativeMethodAccessorImpl.invoke0(Native Method)
	at sun.reflect.NativeMethodAccessorImpl.invoke(Unknown Source)
	at sun.reflect.DelegatingMethodAccessorImpl.invoke(Unknown Source)
	at java.lang.reflect.Method.invoke(Unknown Source)
	at org.testng.internal.MethodInvocationHelper.invokeMethod(MethodInvocationHelper.java:80)
	at org.testng.internal.Invoker.invokeMethod(Invoker.java:714)
	at org.testng.internal.Invoker.invokeTestMethod(Invoker.java:901)
	at org.testng.internal.Invoker.invokeTestMethods(Invoker.java:1231)
	at org.testng.internal.TestMethodWorker.invokeTestMethods(TestMethodWorker.java:127)
	at org.testng.internal.TestMethodWorker.run(TestMethodWorker.java:111)
	at org.testng.TestRunner.privateRun(TestRunner.java:767)
	at org.testng.TestRunner.run(TestRunner.java:617)
	at org.testng.SuiteRunner.runTest(SuiteRunner.java:334)
	at org.testng.SuiteRunner.runSequentially(SuiteRunner.java:329)
	at org.testng.SuiteRunner.privateRun(SuiteRunner.java:291)
	at org.testng.SuiteRunner.run(SuiteRunner.java:240)
	at org.testng.SuiteRunnerWorker.runSuite(SuiteRunnerWorker.java:52)
	at org.testng.SuiteRunnerWorker.run(SuiteRunnerWorker.java:86)
	at org.testng.TestNG.runSuitesSequentially(TestNG.java:1198)
	at org.testng.TestNG.runSuitesLocally(TestNG.java:1123)
	at org.testng.TestNG.run(TestNG.java:1031)
	at org.testng.remote.AbstractRemoteTestNG.run(AbstractRemoteTestNG.java:132)
	at org.testng.remote.RemoteTestNG.initAndRun(RemoteTestNG.java:230)
	at org.testng.remote.RemoteTestNG.main(RemoteTestNG.java:76)
]]>
            </full-stacktrace>
          </exception> <!-- java.lang.NullPointerException -->
          <reporter-output>
          </reporter-output>
        </test-method> <!-- Add_Proceed -->
        <test-method status="PASS" signature="teardown()[pri:0, instance:testCases.AssignmentTestCases@523884b2]" name="teardown" is-config="true" duration-ms="2354" started-at="2019-05-12T21:19:23Z" finished-at="2019-05-12T21:19:25Z">
          <reporter-output>
          </reporter-output>
        </test-method> <!-- teardown -->
      </class> <!-- testCases.AssignmentTestCases -->
    </test> <!-- Default test -->
  </suite> <!-- Default suite -->
</testng-results>
